{"uuid":"2b61f1c5-3fa2-49b2-96e8-41fae3e4ca14","historyId":"4728fb9518bc2fff780b7b3a249b62f8","fullName":"cucumber.api.testng.AbstractTestNGCucumberTests.feature","labels":[{"name":"package","value":"testuniverse.easyqa.tests.bdd.CardTests"},{"name":"testClass","value":"testuniverse.easyqa.tests.bdd.CardTests"},{"name":"testMethod","value":"feature"},{"name":"parentSuite","value":"Default Suite"},{"name":"suite","value":"first"},{"name":"subSuite","value":"testuniverse.easyqa.tests.bdd.CardTests"},{"name":"host","value":"kissa-note72"},{"name":"thread","value":"3460@kissa-note72.main(1)"}],"links":[],"name":"Runs Cucumber Feature","status":"broken","statusDetails":{"known":false,"muted":false,"flaky":false,"message":"cucumber.runtime.CucumberException: Arity mismatch: Step Definition 'testuniverse.easyqa.tests.bdd.CardStepsDefinition.gotoBugTracker(String) in file:/E:/dev_test/java_sel_test/bdd-test/build/classes/test/' with pattern [^нажать на Баг Трекер$] is declared with 1 parameters. However, the gherkin step has 0 arguments []. \nStep: И нажать на Баг Трекер","trace":"cucumber.runtime.CucumberException: cucumber.runtime.CucumberException: Arity mismatch: Step Definition 'testuniverse.easyqa.tests.bdd.CardStepsDefinition.gotoBugTracker(String) in file:/E:/dev_test/java_sel_test/bdd-test/build/classes/test/' with pattern [^нажать на Баг Трекер$] is declared with 1 parameters. However, the gherkin step has 0 arguments []. \nStep: И нажать на Баг Трекер\r\n\tat cucumber.api.testng.TestNGCucumberRunner.runCucumber(TestNGCucumberRunner.java:69)\r\n\tat cucumber.api.testng.AbstractTestNGCucumberTests.feature(AbstractTestNGCucumberTests.java:21)\r\n\tat sun.reflect.NativeMethodAccessorImpl.invoke0(Native Method)\r\n\tat sun.reflect.NativeMethodAccessorImpl.invoke(NativeMethodAccessorImpl.java:62)\r\n\tat sun.reflect.DelegatingMethodAccessorImpl.invoke(DelegatingMethodAccessorImpl.java:43)\r\n\tat java.lang.reflect.Method.invoke(Method.java:498)\r\n\tat org.testng.internal.MethodInvocationHelper.invokeMethod(MethodInvocationHelper.java:108)\r\n\tat org.testng.internal.Invoker.invokeMethod(Invoker.java:661)\r\n\tat org.testng.internal.Invoker.invokeTestMethod(Invoker.java:869)\r\n\tat org.testng.internal.Invoker.invokeTestMethods(Invoker.java:1193)\r\n\tat org.testng.internal.TestMethodWorker.invokeTestMethods(TestMethodWorker.java:126)\r\n\tat org.testng.internal.TestMethodWorker.run(TestMethodWorker.java:109)\r\n\tat org.testng.TestRunner.privateRun(TestRunner.java:744)\r\n\tat org.testng.TestRunner.run(TestRunner.java:602)\r\n\tat org.testng.SuiteRunner.runTest(SuiteRunner.java:380)\r\n\tat org.testng.SuiteRunner.runSequentially(SuiteRunner.java:375)\r\n\tat org.testng.SuiteRunner.privateRun(SuiteRunner.java:340)\r\n\tat org.testng.SuiteRunner.run(SuiteRunner.java:289)\r\n\tat org.testng.SuiteRunnerWorker.runSuite(SuiteRunnerWorker.java:52)\r\n\tat org.testng.SuiteRunnerWorker.run(SuiteRunnerWorker.java:86)\r\n\tat org.testng.TestNG.runSuitesSequentially(TestNG.java:1301)\r\n\tat org.testng.TestNG.runSuitesLocally(TestNG.java:1226)\r\n\tat org.testng.TestNG.runSuites(TestNG.java:1144)\r\n\tat org.testng.TestNG.run(TestNG.java:1115)\r\n\tat org.testng.IDEARemoteTestNG.run(IDEARemoteTestNG.java:72)\r\n\tat org.testng.RemoteTestNGStarter.main(RemoteTestNGStarter.java:127)\r\nCaused by: cucumber.runtime.CucumberException: Arity mismatch: Step Definition 'testuniverse.easyqa.tests.bdd.CardStepsDefinition.gotoBugTracker(String) in file:/E:/dev_test/java_sel_test/bdd-test/build/classes/test/' with pattern [^нажать на Баг Трекер$] is declared with 1 parameters. However, the gherkin step has 0 arguments []. \nStep: И нажать на Баг Трекер\r\n\tat cucumber.runtime.StepDefinitionMatch.arityMismatch(StepDefinitionMatch.java:102)\r\n\tat cucumber.runtime.StepDefinitionMatch.transformedArgs(StepDefinitionMatch.java:60)\r\n\tat cucumber.runtime.StepDefinitionMatch.runStep(StepDefinitionMatch.java:37)\r\n\tat cucumber.runtime.Runtime.runStep(Runtime.java:300)\r\n\tat cucumber.runtime.model.StepContainer.runStep(StepContainer.java:44)\r\n\tat cucumber.runtime.model.StepContainer.runSteps(StepContainer.java:39)\r\n\tat cucumber.runtime.model.CucumberScenario.run(CucumberScenario.java:44)\r\n\tat cucumber.runtime.model.CucumberFeature.run(CucumberFeature.java:165)\r\n\tat cucumber.api.testng.TestNGCucumberRunner.runCucumber(TestNGCucumberRunner.java:63)\r\n\t... 25 more\r\n"},"stage":"finished","start":1499464953258,"stop":1499464964583,"parameters":[{"name":"arg0","value":"Карточки в трекера"}]}